<?xml version="1.0" encoding="utf-8"?><testsuites name="pytest tests"><testsuite name="pytest" errors="0" failures="0" skipped="0" tests="14" time="1.822" timestamp="2026-05-25T09:27:31.842176+00:00" hostname="agent-env-73a50e22-febc-42d0-8b58-463d0318a0d9"><testcase classname="tests.test_jobs_offers.TestJobCreate" name="test_create_job_normal_user" time="0.415" /><testcase classname="tests.test_jobs_offers.TestJobCreate" name="test_get_my_jobs" time="0.045" /><testcase classname="tests.test_jobs_offers.TestJobCreate" name="test_get_nearby_jobs_excludes_own" time="0.176" /><testcase classname="tests.test_jobs_offers.TestJobCreate" name="test_get_job_details" time="0.046" /><testcase classname="tests.test_jobs_offers.TestJobCreate" name="test_get_nonexistent_job" time="0.044" /><testcase classname="tests.test_jobs_offers.TestOfferNegotiation" name="test_worker_creates_offer" time="0.061" /><testcase classname="tests.test_jobs_offers.TestOfferNegotiation" name="test_job_status_changed_to_negotiating" time="0.045" /><testcase classname="tests.test_jobs_offers.TestOfferNegotiation" name="test_duplicate_offer_prevented" time="0.044" /><testcase classname="tests.test_jobs_offers.TestOfferNegotiation" name="test_second_worker_can_make_offer" time="0.189" /><testcase classname="tests.test_jobs_offers.TestOfferNegotiation" name="test_user_counter_offers" time="0.102" /><testcase classname="tests.test_jobs_offers.TestOfferNegotiation" name="test_reject_second_offer" time="0.089" /><testcase classname="tests.test_jobs_offers.TestOfferNegotiation" name="test_accept_offer_assigns_worker_and_sets_price" time="0.089" /><testcase classname="tests.test_jobs_offers.TestOfferNegotiation" name="test_offer_on_non_open_job_blocked" time="0.221" /><testcase classname="tests.test_jobs_offers.TestStatusTransition" name="test_full_negotiation_cycle" time="0.226" /></testsuite></testsuites>